
Showing logs for build [32mcb-kubecd-bdd-ghfjxy-1568453177-p6sw4-1[0m stage [32mmeta-pipeline[0m and container [32mstep-credential-initializer-85wmm[0m
{"level":"warn","ts":1568453995.3508017,"logger":"fallback-logger","caller":"logging/config.go:69","msg":"Fetch GitHub commit ID from kodata failed: \"ref: refs/heads/master\" is not a valid GitHub commit ID"}
{"level":"info","ts":1568453995.3512769,"logger":"fallback-logger","caller":"creds-init/main.go:40","msg":"Credentials initialized."}

Showing logs for build [32mcb-kubecd-bdd-ghfjxy-1568453177-p6sw4-1[0m stage [32mmeta-pipeline[0m and container [32mstep-working-dir-initializer-2mkxj[0m
{"level":"warn","ts":1568453996.7458725,"logger":"fallback-logger","caller":"logging/config.go:69","msg":"Fetch GitHub commit ID from kodata failed: open /var/run/ko/HEAD: no such file or directory"}
{"level":"info","ts":1568453996.7849581,"logger":"fallback-logger","caller":"bash/main.go:65","msg":"Successfully executed command \"mkdir -p /workspace/source\""}

Showing logs for build [32mcb-kubecd-bdd-ghfjxy-1568453177-p6sw4-1[0m stage [32mmeta-pipeline[0m and container [32mstep-place-tools[0m

Showing logs for build [32mcb-kubecd-bdd-ghfjxy-1568453177-p6sw4-1[0m stage [32mmeta-pipeline[0m and container [32mstep-git-source-meta-cb-kubecd-bdd-ghfjxy-15684-h9cvc[0m
{"level":"warn","ts":1568454001.39453,"logger":"fallback-logger","caller":"logging/config.go:69","msg":"Fetch GitHub commit ID from kodata failed: \"ref: refs/heads/master\" is not a valid GitHub commit ID"}
{"level":"info","ts":1568454002.4595397,"logger":"fallback-logger","caller":"git/git.go:102","msg":"Successfully cloned https://github.com/cb-kubecd/bdd-ghf**y-1568453177.git @ 89839f19bc5742a5fd6855031202dfdf3844e0da in path /workspace/source"}

Showing logs for build [32mcb-kubecd-bdd-ghfjxy-1568453177-p6sw4-1[0m stage [32mmeta-pipeline[0m and container [32mstep-git-merge[0m
Using SHAs from PULL_REFS=master:89839f19bc5742a5fd6855031202dfdf3844e0da,1:7d54c4d4b1f49dba590ccf28271b3d7857a8503b
DEBUG: ran git fetch --unshallow origin 7d54c4d4b1f49dba590ccf28271b3d7857a8503b: 89839f19bc5742a5fd6855031202dfdf3844e0da: in 
DEBUG: ran git checkout master in 
DEBUG: ran git reset --hard 89839f19bc5742a5fd6855031202dfdf3844e0da in 
DEBUG: ran clean --force -d . in 
DEBUG: ran git merge 7d54c4d4b1f49dba590ccf28271b3d7857a8503b in 
Merged SHA 7d54c4d4b1f49dba590ccf28271b3d7857a8503b with commit message 'My first PR commit' into base branch master

Showing logs for build [32mcb-kubecd-bdd-ghfjxy-1568453177-p6sw4-1[0m stage [32mmeta-pipeline[0m and container [32mstep-merge-pull-refs[0m
DEBUG: ran git fetch origin 7d54c4d4b1f49dba590ccf28271b3d7857a8503b: 89839f19bc5742a5fd6855031202dfdf3844e0da: in 
DEBUG: Unshallowed git repo in 
DEBUG: ran git checkout master in 
DEBUG: ran git reset --hard 89839f19bc5742a5fd6855031202dfdf3844e0da in 
DEBUG: ran clean --force -d . in 
DEBUG: ran git merge 7d54c4d4b1f49dba590ccf28271b3d7857a8503b in 
Merged SHA 7d54c4d4b1f49dba590ccf28271b3d7857a8503b with commit message 'My first PR commit' into base branch master

Showing logs for build [32mcb-kubecd-bdd-ghfjxy-1568453177-p6sw4-1[0m stage [32mmeta-pipeline[0m and container [32mstep-create-effective-pipeline[0m
Deleting and cloning the Jenkins X versions repo
Cloning the Jenkins X versions repo https://github.com/jenkins-x/jenkins-x-versions.git with ref refs/heads/master to /builder/home/.**/jenkins-x-versions
performing pack detection in folder /workspace/source
--> Draft detected YAML (67.752116%)
--> Could not find a pack for YAML. Trying to find the next likely language match...
--> Draft detected RPM Spec (14.854397%)
--> Could not find a pack for RPM Spec. Trying to find the next likely language match...
--> Draft detected Coq (6.799598%)
--> Could not find a pack for Coq. Trying to find the next likely language match...
--> Draft detected Smarty (3.701047%)
--> Could not find a pack for Smarty. Trying to find the next likely language match...
--> Draft detected Go (2.904892%)
selected pack: /builder/home/.**/draft/packs/github.com/jenkins-x-buildpacks/jenkins-x-kubernetes/packs/go
Effective pipeline written to jenkins-x-serverless-jenkins-effective.yml

Showing logs for build [32mcb-kubecd-bdd-ghfjxy-1568453177-p6sw4-1[0m stage [32mmeta-pipeline[0m and container [32mstep-create-tekton-crds[0m
PipelineActivity for cb-kubecd-bdd-ghf**y-1568453177-PR-1-1
Applying changes 
upserted PipelineResource cb-kubecd-bdd-ghf**y-1568453177 for the git repository https://github.com/cb-kubecd/bdd-ghf**y-1568453177.git
upserted Task cb-kubecd-bdd-ghf**y-1568453177-p6sw4-run-make-1
upserted Task cb-kubecd-bdd-ghf**y-1568453177-p6sw4-everything-else-1
upserted Pipeline cb-kubecd-bdd-ghf**y-1568453177-p6sw4-1
created PipelineRun cb-kubecd-bdd-ghf**y-1568453177-p6sw4-1
created PipelineStructure cb-kubecd-bdd-ghf**y-1568453177-p6sw4-1

Showing logs for build [32mcb-kubecd-bdd-ghfjxy-1568453177-p6sw4-1[0m stage [32mrun-make[0m and container [32mstep-credential-initializer-gr8pk[0m
{"level":"warn","ts":1568454034.660945,"logger":"fallback-logger","caller":"logging/config.go:69","msg":"Fetch GitHub commit ID from kodata failed: \"ref: refs/heads/master\" is not a valid GitHub commit ID"}
{"level":"info","ts":1568454034.6615021,"logger":"fallback-logger","caller":"creds-init/main.go:40","msg":"Credentials initialized."}

Showing logs for build [32mcb-kubecd-bdd-ghfjxy-1568453177-p6sw4-1[0m stage [32mrun-make[0m and container [32mstep-working-dir-initializer-xnnhp[0m
{"level":"warn","ts":1568454035.595577,"logger":"fallback-logger","caller":"logging/config.go:69","msg":"Fetch GitHub commit ID from kodata failed: open /var/run/ko/HEAD: no such file or directory"}
{"level":"info","ts":1568454035.5967808,"logger":"fallback-logger","caller":"bash/main.go:65","msg":"Successfully executed command \"mkdir -p /workspace/source\""}

Showing logs for build [32mcb-kubecd-bdd-ghfjxy-1568453177-p6sw4-1[0m stage [32mrun-make[0m and container [32mstep-place-tools[0m

Showing logs for build [32mcb-kubecd-bdd-ghfjxy-1568453177-p6sw4-1[0m stage [32mrun-make[0m and container [32mstep-git-source-cb-kubecd-bdd-ghfjxy-1568453177-4j7b5[0m
{"level":"warn","ts":1568454096.7342904,"logger":"fallback-logger","caller":"logging/config.go:69","msg":"Fetch GitHub commit ID from kodata failed: \"ref: refs/heads/master\" is not a valid GitHub commit ID"}
{"level":"info","ts":1568454097.8235385,"logger":"fallback-logger","caller":"git/git.go:102","msg":"Successfully cloned https://github.com/cb-kubecd/bdd-ghf**y-1568453177.git @ master in path /workspace/source"}

Showing logs for build [32mcb-kubecd-bdd-ghfjxy-1568453177-p6sw4-1[0m stage [32mrun-make[0m and container [32mstep-git-merge[0m
Using SHAs from PULL_REFS=master:89839f19bc5742a5fd6855031202dfdf3844e0da,1:7d54c4d4b1f49dba590ccf28271b3d7857a8503b
DEBUG: ran git fetch --unshallow origin 7d54c4d4b1f49dba590ccf28271b3d7857a8503b: 89839f19bc5742a5fd6855031202dfdf3844e0da: in 
DEBUG: ran git checkout master in 
DEBUG: ran git reset --hard 89839f19bc5742a5fd6855031202dfdf3844e0da in 
DEBUG: ran clean --force -d . in 
DEBUG: ran git merge 7d54c4d4b1f49dba590ccf28271b3d7857a8503b in 
Merged SHA 7d54c4d4b1f49dba590ccf28271b3d7857a8503b with commit message 'My first PR commit' into base branch master

Showing logs for build [32mcb-kubecd-bdd-ghfjxy-1568453177-p6sw4-1[0m stage [32mrun-make[0m and container [32mstep-build-make-linux[0m
CGO_ENABLED=0 GOOS=linux GOARCH=amd64 GO15VENDOREXPERIMENT=1 go build -ldflags '' -o bin/bdd-ghf**y-1568453177 main.go

Showing logs for build [32mcb-kubecd-bdd-ghfjxy-1568453177-p6sw4-1[0m stage [32mrun-make[0m and container [32mstep-source-mkdir-cb-kubecd-bdd-ghfjxy-1568453177-zs7qv[0m
{"level":"warn","ts":1568454106.8331342,"logger":"fallback-logger","caller":"logging/config.go:69","msg":"Fetch GitHub commit ID from kodata failed: open /var/run/ko/HEAD: no such file or directory"}
{"level":"info","ts":1568454106.8951588,"logger":"fallback-logger","caller":"bash/main.go:65","msg":"Successfully executed command \"mkdir -p /pvc/run-make/workspace\""}

Showing logs for build [32mcb-kubecd-bdd-ghfjxy-1568453177-p6sw4-1[0m stage [32mrun-make[0m and container [32mstep-source-copy-cb-kubecd-bdd-ghfjxy-1568453177-wm87h[0m
{"level":"warn","ts":1568454106.9560902,"logger":"fallback-logger","caller":"logging/config.go:69","msg":"Fetch GitHub commit ID from kodata failed: open /var/run/ko/HEAD: no such file or directory"}
{"level":"info","ts":1568454106.9751744,"logger":"fallback-logger","caller":"bash/main.go:65","msg":"Successfully executed command \"cp -r /workspace/source/. /pvc/run-make/workspace\""}

Showing logs for build [32mcb-kubecd-bdd-ghfjxy-1568453177-p6sw4-1[0m stage [32meverything-else[0m and container [32mstep-credential-initializer-496tw[0m
{"level":"warn","ts":1568454114.0186286,"logger":"fallback-logger","caller":"logging/config.go:69","msg":"Fetch GitHub commit ID from kodata failed: \"ref: refs/heads/master\" is not a valid GitHub commit ID"}
{"level":"info","ts":1568454114.0428379,"logger":"fallback-logger","caller":"creds-init/main.go:40","msg":"Credentials initialized."}

Showing logs for build [32mcb-kubecd-bdd-ghfjxy-1568453177-p6sw4-1[0m stage [32meverything-else[0m and container [32mstep-working-dir-initializer-6zpfp[0m
{"level":"warn","ts":1568454114.9793797,"logger":"fallback-logger","caller":"logging/config.go:69","msg":"Fetch GitHub commit ID from kodata failed: open /var/run/ko/HEAD: no such file or directory"}
{"level":"info","ts":1568454114.9900048,"logger":"fallback-logger","caller":"bash/main.go:65","msg":"Successfully executed command \"mkdir -p /workspace/source /workspace/source/charts/preview\""}

Showing logs for build [32mcb-kubecd-bdd-ghfjxy-1568453177-p6sw4-1[0m stage [32meverything-else[0m and container [32mstep-place-tools[0m

Showing logs for build [32mcb-kubecd-bdd-ghfjxy-1568453177-p6sw4-1[0m stage [32meverything-else[0m and container [32mstep-create-dir-workspace-2glrw[0m
{"level":"warn","ts":1568454123.0880892,"logger":"fallback-logger","caller":"logging/config.go:69","msg":"Fetch GitHub commit ID from kodata failed: open /var/run/ko/HEAD: no such file or directory"}
{"level":"info","ts":1568454123.0922263,"logger":"fallback-logger","caller":"bash/main.go:65","msg":"Successfully executed command \"mkdir -p /workspace/source\""}

Showing logs for build [32mcb-kubecd-bdd-ghfjxy-1568453177-p6sw4-1[0m stage [32meverything-else[0m and container [32mstep-source-copy-workspace-p946c[0m
{"level":"warn","ts":1568454123.3290906,"logger":"fallback-logger","caller":"logging/config.go:69","msg":"Fetch GitHub commit ID from kodata failed: open /var/run/ko/HEAD: no such file or directory"}
{"level":"info","ts":1568454123.536157,"logger":"fallback-logger","caller":"bash/main.go:65","msg":"Successfully executed command \"cp -r /pvc/run-make/workspace/. /workspace/source\""}

Showing logs for build [32mcb-kubecd-bdd-ghfjxy-1568453177-p6sw4-1[0m stage [32meverything-else[0m and container [32mstep-build-container-build[0m
[36mINFO[0m[0000] No base image, nothing to extract            
[36mINFO[0m[0000] cmd: EXPOSE                                  
[36mINFO[0m[0000] Adding exposed port: 8080/tcp                
[36mINFO[0m[0000] Using files from context: [/workspace/source/bin] 
[36mINFO[0m[0000] Skipping unpacking as no commands require it. 
[36mINFO[0m[0000] Taking snapshot of full filesystem...        
[36mINFO[0m[0000] EXPOSE 8080                                  
[36mINFO[0m[0000] cmd: EXPOSE                                  
[36mINFO[0m[0000] Adding exposed port: 8080/tcp                
[36mINFO[0m[0000] No files changed in this command, skipping snapshotting. 
[36mINFO[0m[0000] ENTRYPOINT ["/bdd-ghf**y-1568453177"]        
[36mINFO[0m[0000] No files changed in this command, skipping snapshotting. 
[36mINFO[0m[0000] Using files from context: [/workspace/source/bin] 
[36mINFO[0m[0000] COPY ./bin/ /                                
[36mINFO[0m[0000] Taking snapshot of files...                  
2019/09/14 09:42:08 pushed blob: sha256:e024e95e3dd175bc2ed787395e8e6cf93b39dfd88e6c604a4628ed0abefd9ba2
2019/09/14 09:42:11 pushed blob: sha256:f7f718f02c7f9336237bb14da749a95b0ef84582e1ee2254b213646de48d3a69
2019/09/14 09:42:12 gcr.io/jenkins-x-bdd3/bdd-ghf**y-1568453177:0.0.0-SNAPSHOT-PR-1-1: digest: sha256:a217b35c5c7f546f9b9b6e52d1fc680014991194e5f4364a0c8e96e570d6c4a8 size: 428

Showing logs for build [32mcb-kubecd-bdd-ghfjxy-1568453177-p6sw4-1[0m stage [32meverything-else[0m and container [32mstep-postbuild-post-build[0m
no CVE provider running in the current ** namespace so skip adding image to be analysed

Showing logs for build [32mcb-kubecd-bdd-ghfjxy-1568453177-p6sw4-1[0m stage [32meverything-else[0m and container [32mstep-promote-make-preview[0m
sed -i -e "s/version:.*/version: 0.0.0-SNAPSHOT-PR-1-1/" Chart.yaml
sed -i -e "s/version:.*/version: 0.0.0-SNAPSHOT-PR-1-1/" ../*/Chart.yaml
sed -i -e "s|repository:.*|repository: gcr.io\/jenkins-x-bdd3\/bdd-ghf**y-1568453177|" values.yaml
sed -i -e "s/tag:.*/tag: 0.0.0-SNAPSHOT-PR-1-1/" values.yaml
echo "  version: 0.0.0-SNAPSHOT-PR-1-1" >> requirements.yaml
** step helm build
WARNING: No $CHART_REPOSITORY defined so using the default value of: http://jenkins-x-chartmuseum:8080
Adding missing Helm repo: storage.googleapis.com https://storage.googleapis.com/chartmuseum.jenkins-x.io
Successfully added Helm repository storage.googleapis.com.
Adding missing Helm repo: jenkins-x-chartmuseum http://jenkins-x-chartmuseum:8080
Successfully added Helm repository jenkins-x-chartmuseum.
WARNING: No $CHART_REPOSITORY defined so using the default value of: http://jenkins-x-chartmuseum:8080
Adding missing Helm repo: chartmuseum.jenkins-x.io http://chartmuseum.jenkins-x.io
Successfully added Helm repository chartmuseum.jenkins-x.io.

Showing logs for build [32mcb-kubecd-bdd-ghfjxy-1568453177-p6sw4-1[0m stage [32meverything-else[0m and container [32mstep-promote-jx-preview[0m
Creating a preview
WARNING: No author for commit: 7d54c4d4b1f49dba590ccf28271b3d7857a8503b
Created environment cb-kubecd-bdd-ghf**y-1568453177-pr-1
Namespace **-cb-kubecd-bdd-ghf**y-1568453177-pr-1 created 
expose:
  Annotations:
    helm.sh/hook: post-install,post-upgrade
    helm.sh/hook-delete-policy: hook-succeeded
  config:
    domain: 35.205.188.87.nip.io
    exposer: Ingress
    http: "true"
preview:
  image:
    repository: gcr.io/jenkins-x-bdd3/bdd-ghf**y-1568453177
    tag: 0.0.0-SNAPSHOT-PR-1-1
Deleting and cloning the Jenkins X versions repo
Cloning the Jenkins X versions repo https://github.com/jenkins-x/jenkins-x-versions.git with ref refs/heads/master to /builder/home/.**/jenkins-x-versions


Updating PipelineActivities cb-kubecd-bdd-ghf**y-1568453177-pr-1-1 which has status Running
Preview application is now available at: http://bdd-ghf**y-1568453177.**-cb-kubecd-bdd-ghf**y-1568453177-pr-1.35.205.188.87.nip.io
